<?xml version="1.0" encoding="UTF-8"?>
<testsuite xmlns:xsi="http://www.w3.org/2001/XMLSchema-instance" xsi:noNamespaceSchemaLocation="https://maven.apache.org/surefire/maven-surefire-plugin/xsd/surefire-test-report-3.0.xsd" version="3.0" name="implementaciones.ManejadorComprasMembresiasTest" time="0.263" tests="6" errors="0" skipped="0" failures="0">
  <properties>
[...]
</properties>
  <testcase name="testRegistrarClienteValoresCorrectosOk" classname="implementaciones.ManejadorComprasMembresiasTest" time="0.113"/>
  <testcase name="testRegistrarCamposVaciosLanzaExcepcion" classname="implementaciones.ManejadorComprasMembresiasTest" time="0.008"/>
  <testcase name="testRegistrarClienteConNumeroTelefonicoYaRegistradoGeneraExcepcion" classname="implementaciones.ManejadorComprasMembresiasTest" time="0.015"/>
  <testcase name="testRegistrarMismoCorreoGeneraExcepcion" classname="implementaciones.ManejadorComprasMembresiasTest" time="0.005"/>
  <testcase name="testRegistrarClienteDevuelveClienteRegistradoDTOConId" classname="implementaciones.ManejadorComprasMembresiasTest" time="0.009"/>
  <testcase name="testRegistrarClienteEmailFormatoInvalidoGeneraExcepcion" classname="implementaciones.ManejadorComprasMembresiasTest" time="0.004"/>
</testsuite>